<?xml version="1.0" encoding="UTF-8"?>
<!-- Generated by org.testng.reporters.JUnitReportReporter -->
<testsuite hostname="DESKTOP-J4MDNS6" failures="0" tests="1" name="Selenium_day9.ReportingLog" time="0.018" errors="0" timestamp="2022-05-19T21:32:52 EDT" skipped="0">
  <testcase classname="Selenium_day9.ReportingLog" name="f" time="0.018"/>
  <system-out>
    <![CDATA[Before assertion
If this code executes, assertion PASS]]>
  </system-out>
</testsuite> <!-- Selenium_day9.ReportingLog -->
