<?xml version="1.0" encoding="UTF-8"?>
<!-- Generated by org.testng.reporters.JUnitReportReporter -->
<testsuite hostname="DESKTOP-J4MDNS6" failures="0" tests="1" name="Selenium_day9.OpenBrowser" time="7.062" errors="0" timestamp="2022-05-18T21:34:27 EDT" skipped="0">
  <testcase classname="Selenium_day9.OpenBrowser" name="Test" time="7.062"/>
  <system-out/>
</testsuite> <!-- Selenium_day9.OpenBrowser -->
