<?xml version="1.0" encoding="UTF-8"?>
<!-- Generated by org.testng.reporters.JUnitReportReporter -->
<testsuite hostname="DESKTOP-J4MDNS6" failures="0" tests="4" name="Selenium_day13.loginTestCases" time="6.756" errors="0" timestamp="2022-05-27T16:35:59 EDT" skipped="0">
  <testcase classname="Selenium_day13.loginTestCases" name="loginWithValidCredentials_problemUser" time="0.343"/>
  <system-out/>
  <testcase classname="Selenium_day13.loginTestCases" name="loginWithValidCredentials_Standard" time="0.701"/>
  <system-out/>
  <testcase classname="Selenium_day13.loginTestCases" name="loginWithValidCredentials_performanceGlitchUser" time="5.382"/>
  <system-out/>
  <testcase classname="Selenium_day13.loginTestCases" name="loginWithValidCredentials_lockoutUser" time="0.330"/>
  <system-out/>
</testsuite> <!-- Selenium_day13.loginTestCases -->
