<?xml version="1.0" encoding="UTF-8"?>
<!-- Generated by org.testng.reporters.JUnitReportReporter -->
<testsuite hostname="DESKTOP-J4MDNS6" failures="0" tests="3" name="Selenium_day9.Grouping_testNG" time="0.011" errors="0" timestamp="2022-05-19T19:52:29 EDT" skipped="0">
  <testcase classname="Selenium_day9.Grouping_testNG" name="c" time="0.002"/>
  <system-out/>
  <testcase classname="Selenium_day9.Grouping_testNG" name="a" time="0.008"/>
  <system-out/>
  <testcase classname="Selenium_day9.Grouping_testNG" name="b" time="0.001"/>
  <system-out/>
</testsuite> <!-- Selenium_day9.Grouping_testNG -->
