<?xml version="1.0" encoding="UTF-8"?>
<!-- Generated by org.testng.reporters.JUnitReportReporter -->
<testsuite hostname="DESKTOP-J4MDNS6" failures="0" tests="2" name="selenium_day10.MultipleBrowserTesting" time="0.012" errors="0" timestamp="2022-05-22T10:39:36 EDT" skipped="0">
  <testcase classname="selenium_day10.MultipleBrowserTesting" name="login" time="0.001"/>
  <system-out/>
  <testcase classname="selenium_day10.MultipleBrowserTesting" name="login" time="0.011"/>
  <system-out/>
</testsuite> <!-- selenium_day10.MultipleBrowserTesting -->
