<?xml version="1.0" encoding="UTF-8"?>
<!-- Generated by org.testng.reporters.JUnitReportReporter -->
<testsuite hostname="DESKTOP-J4MDNS6" failures="0" tests="13" name="selenium_day10.NewTest" time="0.030" errors="0" timestamp="2022-05-19T21:00:57 EDT" skipped="0">
  <testcase classname="selenium_day10.NewTest" name="f" time="0.002"/>
  <system-out/>
  <testcase classname="selenium_day10.NewTest" name="myTest" time="0.002"/>
  <system-out/>
  <testcase classname="selenium_day10.NewTest" name="f" time="0.001"/>
  <system-out/>
  <testcase classname="selenium_day10.NewTest" name="f" time="0.001"/>
  <system-out/>
  <testcase classname="selenium_day10.NewTest" name="f" time="0.002"/>
  <system-out/>
  <testcase classname="selenium_day10.NewTest" name="f" time="0.003"/>
  <system-out/>
  <testcase classname="selenium_day10.NewTest" name="myTest" time="0.001"/>
  <system-out/>
  <testcase classname="selenium_day10.NewTest" name="f" time="0.002"/>
  <system-out/>
  <testcase classname="selenium_day10.NewTest" name="f" time="0.011"/>
  <system-out/>
  <testcase classname="selenium_day10.NewTest" name="myTest" time="0.002"/>
  <system-out/>
  <testcase classname="selenium_day10.NewTest" name="f" time="0.001"/>
  <system-out/>
  <testcase classname="selenium_day10.NewTest" name="f" time="0.001"/>
  <system-out/>
  <testcase classname="selenium_day10.NewTest" name="f" time="0.001"/>
  <system-out/>
</testsuite> <!-- selenium_day10.NewTest -->
