<?xml version="1.0" encoding="UTF-8"?>
<!-- Generated by org.testng.reporters.JUnitReportReporter -->
<testsuite hostname="DESKTOP-J4MDNS6" failures="0" tests="3" name="Selenium_day9.testPriorityInTestNG" time="0.003" errors="0" timestamp="2022-05-18T21:34:27 EDT" skipped="0">
  <testcase classname="Selenium_day9.testPriorityInTestNG" name="C" time="0.000"/>
  <system-out/>
  <testcase classname="Selenium_day9.testPriorityInTestNG" name="A" time="0.002"/>
  <system-out/>
  <testcase classname="Selenium_day9.testPriorityInTestNG" name="B" time="0.001"/>
  <system-out/>
</testsuite> <!-- Selenium_day9.testPriorityInTestNG -->
