<?xml version="1.0" encoding="UTF-8"?>
<!-- Generated by org.testng.reporters.JUnitReportReporter -->
<testsuite hostname="DESKTOP-J4MDNS6" failures="0" tests="1" name="selenium_day10.ClassA" time="0.009" errors="0" timestamp="2022-05-19T19:34:54 EDT" skipped="0">
  <testcase classname="selenium_day10.ClassA" name="f" time="0.009"/>
  <system-out/>
</testsuite> <!-- selenium_day10.ClassA -->
