<?xml version="1.0" encoding="UTF-8"?>
<!-- Generated by org.testng.reporters.JUnitReportReporter -->
<testsuite hostname="DESKTOP-J4MDNS6" failures="0" tests="2" name="Selenium_day9.NewTest" time="0.006" errors="0" timestamp="2022-05-19T18:35:03 EDT" skipped="0">
  <testcase classname="Selenium_day9.NewTest" name="f" time="0.001"/>
  <system-out/>
  <testcase classname="Selenium_day9.NewTest" name="f" time="0.005"/>
  <system-out/>
</testsuite> <!-- Selenium_day9.NewTest -->
