<?xml version="1.0" encoding="UTF-8"?>
<!-- Generated by org.testng.reporters.JUnitReportReporter -->
<testsuite hostname="DESKTOP-J4MDNS6" failures="0" tests="2" name="Selenium_day12_POM.LogInPageTest" time="0.514" errors="0" timestamp="2022-05-25T21:28:26 EDT" skipped="0">
  <testcase classname="Selenium_day12_POM.LogInPageTest" name="verifyLogIn" time="0.157"/>
  <system-out/>
  <testcase classname="Selenium_day12_POM.LogInPageTest" name="verifyPageHeaderOfProductPage" time="0.357"/>
  <system-out/>
</testsuite> <!-- Selenium_day12_POM.LogInPageTest -->
