<?xml version="1.0" encoding="UTF-8"?>
<!-- Generated by org.testng.reporters.JUnitReportReporter -->
<testsuite hostname="DESKTOP-J4MDNS6" failures="0" tests="1" name="selenium_day10.TestNGParameter" time="0.010" errors="0" timestamp="2022-05-19T20:09:17 EDT" skipped="0">
  <testcase classname="selenium_day10.TestNGParameter" name="Sum" time="0.010"/>
  <system-out/>
</testsuite> <!-- selenium_day10.TestNGParameter -->
