<?xml version="1.0" encoding="UTF-8"?>
<!-- Generated by org.testng.reporters.JUnitReportReporter -->
<testsuite hostname="DESKTOP-J4MDNS6" failures="0" tests="2" name="Selenium_day11.parallelTesting" time="12.242" errors="0" timestamp="2022-05-24T20:59:45 EDT" skipped="0">
  <testcase classname="Selenium_day11.parallelTesting" name="testFireFoxBrowser" time="7.514"/>
  <system-out/>
  <testcase classname="Selenium_day11.parallelTesting" name="testchromeBrowser" time="4.728"/>
  <system-out/>
</testsuite> <!-- Selenium_day11.parallelTesting -->
